mode: set
go-boilerplate-api/internal/user/repository.go:20.44,22.2 1 0
go-boilerplate-api/internal/user/repository.go:24.97,28.64 3 1
go-boilerplate-api/internal/user/repository.go:32.2,32.17 1 1
go-boilerplate-api/internal/user/repository.go:38.2,38.26 1 1
go-boilerplate-api/internal/user/repository.go:28.64,30.3 1 0
go-boilerplate-api/internal/user/repository.go:32.17,33.87 1 1
go-boilerplate-api/internal/user/repository.go:33.87,35.4 1 0
go-boilerplate-api/internal/user/repository.go:41.79,43.2 1 0
go-boilerplate-api/internal/user/repository.go:45.76,46.48 1 0
go-boilerplate-api/internal/user/repository.go:50.2,50.18 1 0
go-boilerplate-api/internal/user/repository.go:46.48,48.3 1 0
go-boilerplate-api/internal/user/repository.go:53.76,55.2 1 0
go-boilerplate-api/internal/user/repository.go:57.69,59.2 1 0
go-boilerplate-api/internal/user/repository.go:61.58,62.16 1 0
go-boilerplate-api/internal/user/repository.go:62.16,74.3 3 0
go-boilerplate-api/internal/user/user.go:32.47,42.2 1 1
go-boilerplate-api/internal/user/user.go:56.27,64.2 7 1
go-boilerplate-api/internal/user/user.go:66.39,67.16 1 1
go-boilerplate-api/internal/user/user.go:67.16,72.3 4 1
